Line 31: Cannot load control CmdDeposit.
Line 31: Cannot load control CmdDeposit.
Line 49: Cannot load control CommandButton2.
Line 67: Cannot load control cmdorder.
Line 85: Cannot load control CmdExpiry.
Line 103: Cannot load control CmdSupMast.
Line 121: Cannot load control CmdCust.
Line 139: Cannot load control CmdItemMast.
Line 157: Cannot load control CmdPayment.
Line 175: Cannot load control CmdReceipt.
Line 193: Cannot load control CmdExp.
Line 211: Cannot load control CmdStaff.
Line 229: Cannot load control CmdLend.
Line 247: Cannot load control CmdBook.
Line 265: Cannot load control CmDIncome.
Line 283: Cannot load control CmdJournal.
Line 301: Cannot load control CmdSearch.
Line 319: Cannot load control CmDStkMvmnt.
Line 337: Cannot load control CmdQutn.
Line 458: Cannot load control CmdVsale.
Line 494: Cannot load control CmdSmry.
Line 730: Cannot load control CmdGST.
Line 750: Cannot load control CommandButton4.
Line 770: Cannot load control CmdDelivery.
Line 790: Cannot load control CMDTRANSFER.
Line 810: Cannot load control CMD62.
Line 830: Cannot load control CmdProduction.
Line 850: Cannot load control CommandButton1.
Line 870: Cannot load control CMDDUPPURCHASE.
Line 885: Cannot load control cmdPOrde1.
Line 904: Cannot load control cmdduplicate.
Line 919: Cannot load control STKADJUST.
Line 939: Cannot load control cmdpurchase.
Line 958: Cannot load control CMDSALERETURN.
Line 978: Cannot load control CMDPRETURN.
Line 998: Cannot load control CMDBILLRETAIL.
Line 1018: Cannot load control cmdtest.
Line 1039: Cannot load control CmdWO.
Line 1058: Cannot load control CmdRetailBill.
Line 1078: Cannot load control CMDEXIT.
